[ 2014-07-11T12:00:56+08:00 ] 127.0.0.1 /
INFO: [ app_begin ] --START--
INFO: ReadHtmlCache Behavior ::run [ RunTime:0.133127s ]
INFO: [ app_begin ] --END-- [ RunTime:0.200692s ]
NOTIC: [2048] Declaration of IndexAction::aa() should be compatible with that of AppstartAction::aa() D:\wamp\www\Hottredpen\Lib\Action\Home\IndexAction.class.php 第 4 行.
NOTIC: [8] Undefined index: index D:\wamp\www\Hottredpen\Lib\Action\HomeAction.class.php 第 26 行.
NOTIC: [8] Undefined index: index D:\wamp\www\Hottredpen\Lib\Action\HomeAction.class.php 第 27 行.
NOTIC: [8] Undefined index: index D:\wamp\www\Hottredpen\Lib\Action\HomeAction.class.php 第 28 行.
SQL: SHOW COLUMNS FROM `fdz_user` [ RunTime:0.078697s ]
SQL: SELECT * FROM `fdz_user` ORDER BY id desc LIMIT 5   [ RunTime:0.001687s ]
SQL: SHOW COLUMNS FROM `fdz_zuowen` [ RunTime:0.019156s ]
SQL: SELECT * FROM `fdz_zuowen` WHERE ( `isfabu` = 1 ) ORDER BY id desc LIMIT 15   [ RunTime:0.164358s ]
SQL: SHOW COLUMNS FROM `fdz_yygj` [ RunTime:0.044517s ]
SQL: SELECT * FROM `fdz_yygj` WHERE ( `isfabu` = 1 ) ORDER BY id desc LIMIT 6   [ RunTime:0.001809s ]
SQL: SHOW COLUMNS FROM `fdz_haocihaoju` [ RunTime:0.053586s ]
SQL: SELECT * FROM `fdz_haocihaoju` WHERE ( `isfabu` = 1 ) ORDER BY id desc LIMIT 6   [ RunTime:0.001740s ]
SQL: SHOW COLUMNS FROM `fdz_jiaocai` [ RunTime:0.039317s ]
SQL: SELECT * FROM `fdz_jiaocai` WHERE ( `isfabu` = 1 ) ORDER BY id desc LIMIT 10   [ RunTime:0.002150s ]
SQL: SELECT * FROM `fdz_zuowen` WHERE ( `isfabu` = 1 ) ORDER BY monthclick desc LIMIT 10   [ RunTime:0.018913s ]
INFO: [ view_parse ] --START--
NOTIC: [8] Undefined variable: actenname D:\wamp\www\Hottredpen\Runtime\Cache\Home\d7d7304fe2b1a1e2db17742d81f94c2f.php 第 6 行.
NOTIC: [8] Use of undefined constant img - assumed 'img' D:\wamp\www\Hottredpen\Runtime\Cache\Home\d7d7304fe2b1a1e2db17742d81f94c2f.php 第 182 行.
NOTIC: [8] Use of undefined constant author - assumed 'author' D:\wamp\www\Hottredpen\Runtime\Cache\Home\d7d7304fe2b1a1e2db17742d81f94c2f.php 第 186 行.
NOTIC: [8] Use of undefined constant author - assumed 'author' D:\wamp\www\Hottredpen\Runtime\Cache\Home\d7d7304fe2b1a1e2db17742d81f94c2f.php 第 186 行.
NOTIC: [8] Use of undefined constant click - assumed 'click' D:\wamp\www\Hottredpen\Runtime\Cache\Home\d7d7304fe2b1a1e2db17742d81f94c2f.php 第 186 行.
NOTIC: [8] Undefined index: modenname D:\wamp\www\Hottredpen\Runtime\Cache\Home\d7d7304fe2b1a1e2db17742d81f94c2f.php 第 187 行.
NOTIC: [8] Undefined index: catenname D:\wamp\www\Hottredpen\Runtime\Cache\Home\d7d7304fe2b1a1e2db17742d81f94c2f.php 第 187 行.
NOTIC: [8] Undefined index: catname D:\wamp\www\Hottredpen\Runtime\Cache\Home\d7d7304fe2b1a1e2db17742d81f94c2f.php 第 187 行.
NOTIC: [8] Use of undefined constant img - assumed 'img' D:\wamp\www\Hottredpen\Runtime\Cache\Home\d7d7304fe2b1a1e2db17742d81f94c2f.php 第 182 行.
NOTIC: [8] Use of undefined constant author - assumed 'author' D:\wamp\www\Hottredpen\Runtime\Cache\Home\d7d7304fe2b1a1e2db17742d81f94c2f.php 第 186 行.
NOTIC: [8] Use of undefined constant click - assumed 'click' D:\wamp\www\Hottredpen\Runtime\Cache\Home\d7d7304fe2b1a1e2db17742d81f94c2f.php 第 186 行.
NOTIC: [8] Undefined index: modenname D:\wamp\www\Hottredpen\Runtime\Cache\Home\d7d7304fe2b1a1e2db17742d81f94c2f.php 第 187 行.
NOTIC: [8] Undefined index: catenname D:\wamp\www\Hottredpen\Runtime\Cache\Home\d7d7304fe2b1a1e2db17742d81f94c2f.php 第 187 行.
NOTIC: [8] Undefined index: catname D:\wamp\www\Hottredpen\Runtime\Cache\Home\d7d7304fe2b1a1e2db17742d81f94c2f.php 第 187 行.
NOTIC: [8] Use of undefined constant img - assumed 'img' D:\wamp\www\Hottredpen\Runtime\Cache\Home\d7d7304fe2b1a1e2db17742d81f94c2f.php 第 182 行.
NOTIC: [8] Use of undefined constant author - assumed 'author' D:\wamp\www\Hottredpen\Runtime\Cache\Home\d7d7304fe2b1a1e2db17742d81f94c2f.php 第 186 行.
NOTIC: [8] Use of undefined constant click - assumed 'click' D:\wamp\www\Hottredpen\Runtime\Cache\Home\d7d7304fe2b1a1e2db17742d81f94c2f.php 第 186 行.
NOTIC: [8] Undefined index: modenname D:\wamp\www\Hottredpen\Runtime\Cache\Home\d7d7304fe2b1a1e2db17742d81f94c2f.php 第 187 行.
NOTIC: [8] Undefined index: catenname D:\wamp\www\Hottredpen\Runtime\Cache\Home\d7d7304fe2b1a1e2db17742d81f94c2f.php 第 187 行.
NOTIC: [8] Undefined index: catname D:\wamp\www\Hottredpen\Runtime\Cache\Home\d7d7304fe2b1a1e2db17742d81f94c2f.php 第 187 行.
NOTIC: [8] Use of undefined constant img - assumed 'img' D:\wamp\www\Hottredpen\Runtime\Cache\Home\d7d7304fe2b1a1e2db17742d81f94c2f.php 第 182 行.
NOTIC: [8] Use of undefined constant author - assumed 'author' D:\wamp\www\Hottredpen\Runtime\Cache\Home\d7d7304fe2b1a1e2db17742d81f94c2f.php 第 186 行.
NOTIC: [8] Use of undefined constant click - assumed 'click' D:\wamp\www\Hottredpen\Runtime\Cache\Home\d7d7304fe2b1a1e2db17742d81f94c2f.php 第 186 行.
NOTIC: [8] Undefined index: modenname D:\wamp\www\Hottredpen\Runtime\Cache\Home\d7d7304fe2b1a1e2db17742d81f94c2f.php 第 187 行.
NOTIC: [8] Undefined index: catenname D:\wamp\www\Hottredpen\Runtime\Cache\Home\d7d7304fe2b1a1e2db17742d81f94c2f.php 第 187 行.
NOTIC: [8] Undefined index: catname D:\wamp\www\Hottredpen\Runtime\Cache\Home\d7d7304fe2b1a1e2db17742d81f94c2f.php 第 187 行.
NOTIC: [8] Use of undefined constant img - assumed 'img' D:\wamp\www\Hottredpen\Runtime\Cache\Home\d7d7304fe2b1a1e2db17742d81f94c2f.php 第 182 行.
NOTIC: [8] Use of undefined constant author - assumed 'author' D:\wamp\www\Hottredpen\Runtime\Cache\Home\d7d7304fe2b1a1e2db17742d81f94c2f.php 第 186 行.
NOTIC: [8] Use of undefined constant click - assumed 'click' D:\wamp\www\Hottredpen\Runtime\Cache\Home\d7d7304fe2b1a1e2db17742d81f94c2f.php 第 186 行.
NOTIC: [8] Undefined index: modenname D:\wamp\www\Hottredpen\Runtime\Cache\Home\d7d7304fe2b1a1e2db17742d81f94c2f.php 第 187 行.
NOTIC: [8] Undefined index: catenname D:\wamp\www\Hottredpen\Runtime\Cache\Home\d7d7304fe2b1a1e2db17742d81f94c2f.php 第 187 行.
NOTIC: [8] Undefined index: catname D:\wamp\www\Hottredpen\Runtime\Cache\Home\d7d7304fe2b1a1e2db17742d81f94c2f.php 第 187 行.
NOTIC: [8] Use of undefined constant img - assumed 'img' D:\wamp\www\Hottredpen\Runtime\Cache\Home\d7d7304fe2b1a1e2db17742d81f94c2f.php 第 182 行.
NOTIC: [8] Use of undefined constant author - assumed 'author' D:\wamp\www\Hottredpen\Runtime\Cache\Home\d7d7304fe2b1a1e2db17742d81f94c2f.php 第 186 行.
NOTIC: [8] Use of undefined constant click - assumed 'click' D:\wamp\www\Hottredpen\Runtime\Cache\Home\d7d7304fe2b1a1e2db17742d81f94c2f.php 第 186 行.
NOTIC: [8] Undefined index: modenname D:\wamp\www\Hottredpen\Runtime\Cache\Home\d7d7304fe2b1a1e2db17742d81f94c2f.php 第 187 行.
NOTIC: [8] Undefined index: catenname D:\wamp\www\Hottredpen\Runtime\Cache\Home\d7d7304fe2b1a1e2db17742d81f94c2f.php 第 187 行.
NOTIC: [8] Undefined index: catname D:\wamp\www\Hottredpen\Runtime\Cache\Home\d7d7304fe2b1a1e2db17742d81f94c2f.php 第 187 行.
INFO: ParseTemplate Behavior ::run [ RunTime:0.881150s ]
INFO: [ view_parse ] --END-- [ RunTime:0.881569s ]
INFO: [ view_filter ] --START--
INFO: ContentReplace Behavior ::run [ RunTime:0.033145s ]
INFO: TokenBuild Behavior ::run [ RunTime:0.002415s ]
INFO: WriteHtmlCache Behavior ::run [ RunTime:0.003524s ]
INFO: ShowRuntime Behavior ::run [ RunTime:0.006511s ]
INFO: [ view_filter ] --END-- [ RunTime:0.046491s ]
INFO: [ view_end ] --START--
INFO: ShowPageTrace Behavior ::run [ RunTime:0.002844s ]
INFO: [ view_end ] --END-- [ RunTime:0.003150s ]

[ 2014-07-11T12:01:05+08:00 ] 127.0.0.1 /2013/zixun_06/7.shtml
INFO: [ route_check ] --START--
INFO: CheckRoute Behavior ::run [ RunTime:0.124711s ]
INFO: [ route_check ] --END-- [ RunTime:0.125105s ]
INFO: [ app_begin ] --START--
INFO: ReadHtmlCache Behavior ::run [ RunTime:0.002414s ]
INFO: [ app_begin ] --END-- [ RunTime:0.002761s ]
NOTIC: [8] Undefined variable: group D:\wamp\www\ThinkPHP\Lib\Core\App.class.php 第 95 行.
ERR: 无法加载模块:2013

