[ 2014-07-05T17:37:01+08:00 ] 127.0.0.1 /2014/software_06/3.shtml
INFO: [ route_check ] --START--
INFO: CheckRoute Behavior ::run [ RunTime:0.008753s ]
INFO: [ route_check ] --END-- [ RunTime:0.009187s ]
INFO: [ app_begin ] --START--
INFO: ReadHtmlCache Behavior ::run [ RunTime:0.039785s ]
INFO: [ app_begin ] --END-- [ RunTime:0.040161s ]
NOTIC: [8] Undefined variable: group D:\wamp\www\ThinkPHP\Lib\Core\App.class.php 第 95 行.
ERR: 无法加载模块:2014

[ 2014-07-05T17:37:18+08:00 ] 127.0.0.1 /jiaocheng/
INFO: [ route_check ] --START--
INFO: CheckRoute Behavior ::run [ RunTime:0.098169s ]
INFO: [ route_check ] --END-- [ RunTime:0.098604s ]
INFO: [ app_begin ] --START--
INFO: ReadHtmlCache Behavior ::run [ RunTime:0.004461s ]
INFO: [ app_begin ] --END-- [ RunTime:0.004831s ]
NOTIC: [8] Undefined index: jiaocheng D:\wamp\www\Hottredpen\Lib\Action\HomeAction.class.php 第 26 行.
NOTIC: [8] Undefined index: jiaocheng D:\wamp\www\Hottredpen\Lib\Action\HomeAction.class.php 第 27 行.
NOTIC: [8] Undefined index: jiaocheng D:\wamp\www\Hottredpen\Lib\Action\HomeAction.class.php 第 28 行.
INFO: [ view_parse ] --START--
INFO: ParseTemplate Behavior ::run [ RunTime:0.120244s ]
INFO: [ view_parse ] --END-- [ RunTime:0.120686s ]
INFO: [ view_filter ] --START--
INFO: ContentReplace Behavior ::run [ RunTime:0.051701s ]
INFO: TokenBuild Behavior ::run [ RunTime:0.044409s ]
INFO: WriteHtmlCache Behavior ::run [ RunTime:0.058582s ]
INFO: ShowRuntime Behavior ::run [ RunTime:0.032018s ]
INFO: [ view_filter ] --END-- [ RunTime:0.187641s ]
INFO: [ view_end ] --START--
INFO: ShowPageTrace Behavior ::run [ RunTime:0.015226s ]
INFO: [ view_end ] --END-- [ RunTime:0.047264s ]

[ 2014-07-05T17:37:19+08:00 ] 127.0.0.1 /jiaocheng/__/Public__/images/404/404.css
INFO: [ route_check ] --START--
INFO: CheckRoute Behavior ::run [ RunTime:0.113653s ]
INFO: [ route_check ] --END-- [ RunTime:0.114281s ]
INFO: [ app_begin ] --START--
INFO: ReadHtmlCache Behavior ::run [ RunTime:0.004794s ]
INFO: [ app_begin ] --END-- [ RunTime:0.005176s ]
NOTIC: [8] Undefined index: jiaocheng D:\wamp\www\Hottredpen\Lib\Action\HomeAction.class.php 第 34 行.
INFO: [ view_parse ] --START--
INFO: ParseTemplate Behavior ::run [ RunTime:0.073058s ]
INFO: [ view_parse ] --END-- [ RunTime:0.073484s ]
INFO: [ view_filter ] --START--
INFO: ContentReplace Behavior ::run [ RunTime:0.003868s ]
INFO: TokenBuild Behavior ::run [ RunTime:0.031338s ]
INFO: WriteHtmlCache Behavior ::run [ RunTime:0.003713s ]
INFO: ShowRuntime Behavior ::run [ RunTime:0.060665s ]
INFO: [ view_filter ] --END-- [ RunTime:0.100802s ]
INFO: [ view_end ] --START--
INFO: ShowPageTrace Behavior ::run [ RunTime:0.004393s ]
INFO: [ view_end ] --END-- [ RunTime:0.049013s ]

